<?xml version="1.0" encoding="UTF-8"?>
<testng-results total="1" passed="1" failed="0" skipped="0">
  <reporter-output>
  </reporter-output>
  <suite started-at="2019-09-30T23:35:37Z" name="Default Suite" finished-at="2019-09-30T23:37:22Z" duration-ms="105031">
    <groups>
    </groups>
    <test started-at="2019-09-30T23:35:37Z" name="ESSRegTest" finished-at="2019-09-30T23:37:22Z" duration-ms="105031">
      <class name="ESSModularRegTest.ESSRegTest_Debug1">
        <test-method signature="test1()[pri:0, instance:ESSModularRegTest.ESSRegTest_Debug1@445b295b]" started-at="2019-10-01T09:35:37Z" name="test1" finished-at="2019-10-01T09:37:22Z" duration-ms="105022" status="PASS">
          <reporter-output>
          </reporter-output>
        </test-method> <!-- test1 -->
      </class> <!-- ESSModularRegTest.ESSRegTest_Debug1 -->
    </test> <!-- ESSRegTest -->
  </suite> <!-- Default Suite -->
</testng-results>
